<?xml version="1.0" encoding="UTF-8"?>
<testsuite name="com.UberMassage.UberMassage.UberMassageApplicationTests" tests="1" skipped="0" failures="0" errors="0" timestamp="2021-09-07T21:11:30" hostname="LAPPY-486" time="0.199">
  <properties/>
  <testcase name="contextLoads()" classname="com.UberMassage.UberMassage.UberMassageApplicationTests" time="0.199"/>
  <system-out><![CDATA[17:11:24.763 [Test worker] DEBUG org.springframework.test.context.BootstrapUtils - Instantiating CacheAwareContextLoaderDelegate from class [org.springframework.test.context.cache.DefaultCacheAwareContextLoaderDelegate]
17:11:24.776 [Test worker] DEBUG org.springframework.test.context.BootstrapUtils - Instantiating BootstrapContext using constructor [public org.springframework.test.context.support.DefaultBootstrapContext(java.lang.Class,org.springframework.test.context.CacheAwareContextLoaderDelegate)]
17:11:24.810 [Test worker] DEBUG org.springframework.test.context.BootstrapUtils - Instantiating TestContextBootstrapper for test class [com.UberMassage.UberMassage.UberMassageApplicationTests] from class [org.springframework.boot.test.context.SpringBootTestContextBootstrapper]
17:11:24.820 [Test worker] INFO org.springframework.boot.test.context.SpringBootTestContextBootstrapper - Neither @ContextConfiguration nor @ContextHierarchy found for test class [com.UberMassage.UberMassage.UberMassageApplicationTests], using SpringBootContextLoader
17:11:24.824 [Test worker] DEBUG org.springframework.test.context.support.AbstractContextLoader - Did not detect default resource location for test class [com.UberMassage.UberMassage.UberMassageApplicationTests]: class path resource [com/UberMassage/UberMassage/UberMassageApplicationTests-context.xml] does not exist
17:11:24.824 [Test worker] DEBUG org.springframework.test.context.support.AbstractContextLoader - Did not detect default resource location for test class [com.UberMassage.UberMassage.UberMassageApplicationTests]: class path resource [com/UberMassage/UberMassage/UberMassageApplicationTestsContext.groovy] does not exist
17:11:24.824 [Test worker] INFO org.springframework.test.context.support.AbstractContextLoader - Could not detect default resource locations for test class [com.UberMassage.UberMassage.UberMassageApplicationTests]: no resource found for suffixes {-context.xml, Context.groovy}.
17:11:24.825 [Test worker] INFO org.springframework.test.context.support.AnnotationConfigContextLoaderUtils - Could not detect default configuration classes for test class [com.UberMassage.UberMassage.UberMassageApplicationTests]: UberMassageApplicationTests does not declare any static, non-private, non-final, nested classes annotated with @Configuration.
17:11:24.869 [Test worker] DEBUG org.springframework.test.context.support.ActiveProfilesUtils - Could not find an 'annotation declaring class' for annotation type [org.springframework.test.context.ActiveProfiles] and class [com.UberMassage.UberMassage.UberMassageApplicationTests]
17:11:24.924 [Test worker] DEBUG org.springframework.context.annotation.ClassPathScanningCandidateComponentProvider - Identified candidate component class: file [C:\Users\Lucas\Desktop\Liftoff\mehmet-group-b\UberMassage\build\classes\java\main\com\UberMassage\UberMassage\UberMassageApplication.class]
17:11:24.925 [Test worker] INFO org.springframework.boot.test.context.SpringBootTestContextBootstrapper - Found @SpringBootConfiguration com.UberMassage.UberMassage.UberMassageApplication for test class com.UberMassage.UberMassage.UberMassageApplicationTests
17:11:25.042 [Test worker] DEBUG org.springframework.boot.test.context.SpringBootTestContextBootstrapper - @TestExecutionListeners is not present for class [com.UberMassage.UberMassage.UberMassageApplicationTests]: using defaults.
17:11:25.043 [Test worker] INFO org.springframework.boot.test.context.SpringBootTestContextBootstrapper - Loaded default TestExecutionListener class names from location [META-INF/spring.factories]: [org.springframework.boot.test.autoconfigure.restdocs.RestDocsTestExecutionListener, org.springframework.boot.test.autoconfigure.web.client.MockRestServiceServerResetTestExecutionListener, org.springframework.boot.test.autoconfigure.web.servlet.MockMvcPrintOnlyOnFailureTestExecutionListener, org.springframework.boot.test.autoconfigure.web.servlet.WebDriverTestExecutionListener, org.springframework.boot.test.autoconfigure.webservices.client.MockWebServiceServerTestExecutionListener, org.springframework.boot.test.mock.mockito.MockitoTestExecutionListener, org.springframework.boot.test.mock.mockito.ResetMocksTestExecutionListener, org.springframework.test.context.web.ServletTestExecutionListener, org.springframework.test.context.support.DirtiesContextBeforeModesTestExecutionListener, org.springframework.test.context.event.ApplicationEventsTestExecutionListener, org.springframework.test.context.support.DependencyInjectionTestExecutionListener, org.springframework.test.context.support.DirtiesContextTestExecutionListener, org.springframework.test.context.transaction.TransactionalTestExecutionListener, org.springframework.test.context.jdbc.SqlScriptsTestExecutionListener, org.springframework.test.context.event.EventPublishingTestExecutionListener]
17:11:25.065 [Test worker] INFO org.springframework.boot.test.context.SpringBootTestContextBootstrapper - Using TestExecutionListeners: [org.springframework.test.context.web.ServletTestExecutionListener@6f833ea7, org.springframework.test.context.support.DirtiesContextBeforeModesTestExecutionListener@4857722b, org.springframework.test.context.event.ApplicationEventsTestExecutionListener@32047f2, org.springframework.boot.test.mock.mockito.MockitoTestExecutionListener@7cc790d8, org.springframework.boot.test.autoconfigure.SpringBootDependencyInjectionTestExecutionListener@a47ffe1, org.springframework.test.context.support.DirtiesContextTestExecutionListener@79f212a8, org.springframework.test.context.transaction.TransactionalTestExecutionListener@786cd5b3, org.springframework.test.context.jdbc.SqlScriptsTestExecutionListener@38eddb36, org.springframework.test.context.event.EventPublishingTestExecutionListener@d60933d, org.springframework.boot.test.autoconfigure.restdocs.RestDocsTestExecutionListener@64eea76b, org.springframework.boot.test.autoconfigure.web.client.MockRestServiceServerResetTestExecutionListener@7ab13708, org.springframework.boot.test.autoconfigure.web.servlet.MockMvcPrintOnlyOnFailureTestExecutionListener@2cd36703, org.springframework.boot.test.autoconfigure.web.servlet.WebDriverTestExecutionListener@2523e0df, org.springframework.boot.test.autoconfigure.webservices.client.MockWebServiceServerTestExecutionListener@3467ceef, org.springframework.boot.test.mock.mockito.ResetMocksTestExecutionListener@479da61c]
17:11:25.069 [Test worker] DEBUG org.springframework.test.context.support.AbstractDirtiesContextTestExecutionListener - Before test class: context [DefaultTestContext@43bce008 testClass = UberMassageApplicationTests, testInstance = [null], testMethod = [null], testException = [null], mergedContextConfiguration = [WebMergedContextConfiguration@1d4d9dae testClass = UberMassageApplicationTests, locations = '{}', classes = '{class com.UberMassage.UberMassage.UberMassageApplication}', contextInitializerClasses = '[]', activeProfiles = '{}', propertySourceLocations = '{}', propertySourceProperties = '{org.springframework.boot.test.context.SpringBootTestContextBootstrapper=true}', contextCustomizers = set[org.springframework.boot.test.autoconfigure.actuate.metrics.MetricsExportContextCustomizerFactory$DisableMetricExportContextCustomizer@3a94d103, org.springframework.boot.test.autoconfigure.properties.PropertyMappingContextCustomizer@0, org.springframework.boot.test.autoconfigure.web.servlet.WebDriverContextCustomizerFactory$Customizer@4d6f4dd, org.springframework.boot.test.context.filter.ExcludeFilterContextCustomizer@36a186, org.springframework.boot.test.json.DuplicateJsonObjectContextCustomizerFactory$DuplicateJsonObjectContextCustomizer@6c72e42f, org.springframework.boot.test.mock.mockito.MockitoContextCustomizer@0, org.springframework.boot.test.web.client.TestRestTemplateContextCustomizer@16019da0, org.springframework.boot.test.context.SpringBootTestArgs@1, org.springframework.boot.test.context.SpringBootTestWebEnvironment@a9f32eb], resourceBasePath = 'src/main/webapp', contextLoader = 'org.springframework.boot.test.context.SpringBootContextLoader', parent = [null]], attributes = map['org.springframework.test.context.web.ServletTestExecutionListener.activateListener' -> true]], class annotated with @DirtiesContext [false] with mode [null].
17:11:25.098 [Test worker] DEBUG org.springframework.test.context.support.TestPropertySourceUtils - Adding inlined properties to environment: {spring.jmx.enabled=false, org.springframework.boot.test.context.SpringBootTestContextBootstrapper=true}

  .   ____          _            __ _ _
 /\\ / ___'_ __ _ _(_)_ __  __ _ \ \ \ \
( ( )\___ | '_ | '_| | '_ \/ _` | \ \ \ \
 \\/  ___)| |_)| | | | | || (_| |  ) ) ) )
  '  |____| .__|_| |_|_| |_\__, | / / / /
 =========|_|==============|___/=/_/_/_/
 :: Spring Boot ::                (v2.5.3)

2021-09-07 17:11:25.378  INFO 29540 --- [    Test worker] c.U.U.UberMassageApplicationTests        : Starting UberMassageApplicationTests using Java 16.0.2 on Lappy-486 with PID 29540 (started by Lucas in C:\Users\Lucas\Desktop\Liftoff\mehmet-group-b\UberMassage)
2021-09-07 17:11:25.381  INFO 29540 --- [    Test worker] c.U.U.UberMassageApplicationTests        : No active profile set, falling back to default profiles: default
2021-09-07 17:11:26.183  INFO 29540 --- [    Test worker] .s.d.r.c.RepositoryConfigurationDelegate : Bootstrapping Spring Data JPA repositories in DEFAULT mode.
2021-09-07 17:11:26.269  INFO 29540 --- [    Test worker] .s.d.r.c.RepositoryConfigurationDelegate : Finished Spring Data repository scanning in 73 ms. Found 5 JPA repository interfaces.
2021-09-07 17:11:26.932  INFO 29540 --- [    Test worker] o.hibernate.jpa.internal.util.LogHelper  : HHH000204: Processing PersistenceUnitInfo [name: default]
2021-09-07 17:11:27.011  INFO 29540 --- [    Test worker] org.hibernate.Version                    : HHH000412: Hibernate ORM core version 5.4.32.Final
2021-09-07 17:11:27.182  INFO 29540 --- [    Test worker] o.hibernate.annotations.common.Version   : HCANN000001: Hibernate Commons Annotations {5.1.2.Final}
2021-09-07 17:11:27.326  INFO 29540 --- [    Test worker] com.zaxxer.hikari.HikariDataSource       : HikariPool-1 - Starting...
2021-09-07 17:11:27.628  INFO 29540 --- [    Test worker] com.zaxxer.hikari.HikariDataSource       : HikariPool-1 - Start completed.
2021-09-07 17:11:27.649  INFO 29540 --- [    Test worker] org.hibernate.dialect.Dialect            : HHH000400: Using dialect: org.hibernate.dialect.MySQL8Dialect
2021-09-07 17:11:28.545  INFO 29540 --- [    Test worker] o.h.e.t.j.p.i.JtaPlatformInitiator       : HHH000490: Using JtaPlatform implementation: [org.hibernate.engine.transaction.jta.platform.internal.NoJtaPlatform]
2021-09-07 17:11:28.554  INFO 29540 --- [    Test worker] j.LocalContainerEntityManagerFactoryBean : Initialized JPA EntityManagerFactory for persistence unit 'default'
2021-09-07 17:11:29.315  WARN 29540 --- [    Test worker] JpaBaseConfiguration$JpaWebConfiguration : spring.jpa.open-in-view is enabled by default. Therefore, database queries may be performed during view rendering. Explicitly configure spring.jpa.open-in-view to disable this warning
2021-09-07 17:11:29.746  INFO 29540 --- [    Test worker] o.s.b.a.w.s.WelcomePageHandlerMapping    : Adding welcome page template: index
2021-09-07 17:11:30.155  INFO 29540 --- [    Test worker] c.U.U.UberMassageApplicationTests        : Started UberMassageApplicationTests in 5.051 seconds (JVM running for 6.251)
]]></system-out>
  <system-err><![CDATA[]]></system-err>
</testsuite>
