<?xml version="1.0" encoding="UTF-8"?>
<testsuite name="com.UberMassage.UberMassage.UberMassageApplicationTests" tests="1" skipped="0" failures="0" errors="0" timestamp="2021-08-06T01:35:55" hostname="DESKTOP-0NUQH9C" time="0.273">
  <properties/>
  <testcase name="contextLoads()" classname="com.UberMassage.UberMassage.UberMassageApplicationTests" time="0.273"/>
  <system-out><![CDATA[20:35:51.085 [Test worker] DEBUG org.springframework.test.context.BootstrapUtils - Instantiating CacheAwareContextLoaderDelegate from class [org.springframework.test.context.cache.DefaultCacheAwareContextLoaderDelegate]
20:35:51.098 [Test worker] DEBUG org.springframework.test.context.BootstrapUtils - Instantiating BootstrapContext using constructor [public org.springframework.test.context.support.DefaultBootstrapContext(java.lang.Class,org.springframework.test.context.CacheAwareContextLoaderDelegate)]
20:35:51.128 [Test worker] DEBUG org.springframework.test.context.BootstrapUtils - Instantiating TestContextBootstrapper for test class [com.UberMassage.UberMassage.UberMassageApplicationTests] from class [org.springframework.boot.test.context.SpringBootTestContextBootstrapper]
20:35:51.139 [Test worker] INFO org.springframework.boot.test.context.SpringBootTestContextBootstrapper - Neither @ContextConfiguration nor @ContextHierarchy found for test class [com.UberMassage.UberMassage.UberMassageApplicationTests], using SpringBootContextLoader
20:35:51.143 [Test worker] DEBUG org.springframework.test.context.support.AbstractContextLoader - Did not detect default resource location for test class [com.UberMassage.UberMassage.UberMassageApplicationTests]: class path resource [com/UberMassage/UberMassage/UberMassageApplicationTests-context.xml] does not exist
20:35:51.143 [Test worker] DEBUG org.springframework.test.context.support.AbstractContextLoader - Did not detect default resource location for test class [com.UberMassage.UberMassage.UberMassageApplicationTests]: class path resource [com/UberMassage/UberMassage/UberMassageApplicationTestsContext.groovy] does not exist
20:35:51.143 [Test worker] INFO org.springframework.test.context.support.AbstractContextLoader - Could not detect default resource locations for test class [com.UberMassage.UberMassage.UberMassageApplicationTests]: no resource found for suffixes {-context.xml, Context.groovy}.
20:35:51.144 [Test worker] INFO org.springframework.test.context.support.AnnotationConfigContextLoaderUtils - Could not detect default configuration classes for test class [com.UberMassage.UberMassage.UberMassageApplicationTests]: UberMassageApplicationTests does not declare any static, non-private, non-final, nested classes annotated with @Configuration.
20:35:51.178 [Test worker] DEBUG org.springframework.test.context.support.ActiveProfilesUtils - Could not find an 'annotation declaring class' for annotation type [org.springframework.test.context.ActiveProfiles] and class [com.UberMassage.UberMassage.UberMassageApplicationTests]
20:35:51.232 [Test worker] DEBUG org.springframework.context.annotation.ClassPathScanningCandidateComponentProvider - Identified candidate component class: file [C:\Users\Lanca\Documents\School\LaunchCode\LiftOff\UberMassage\build\classes\java\main\com\UberMassage\UberMassage\UberMassageApplication.class]
20:35:51.233 [Test worker] INFO org.springframework.boot.test.context.SpringBootTestContextBootstrapper - Found @SpringBootConfiguration com.UberMassage.UberMassage.UberMassageApplication for test class com.UberMassage.UberMassage.UberMassageApplicationTests
20:35:51.335 [Test worker] DEBUG org.springframework.boot.test.context.SpringBootTestContextBootstrapper - @TestExecutionListeners is not present for class [com.UberMassage.UberMassage.UberMassageApplicationTests]: using defaults.
20:35:51.336 [Test worker] INFO org.springframework.boot.test.context.SpringBootTestContextBootstrapper - Loaded default TestExecutionListener class names from location [META-INF/spring.factories]: [org.springframework.boot.test.autoconfigure.restdocs.RestDocsTestExecutionListener, org.springframework.boot.test.autoconfigure.web.client.MockRestServiceServerResetTestExecutionListener, org.springframework.boot.test.autoconfigure.web.servlet.MockMvcPrintOnlyOnFailureTestExecutionListener, org.springframework.boot.test.autoconfigure.web.servlet.WebDriverTestExecutionListener, org.springframework.boot.test.autoconfigure.webservices.client.MockWebServiceServerTestExecutionListener, org.springframework.boot.test.mock.mockito.MockitoTestExecutionListener, org.springframework.boot.test.mock.mockito.ResetMocksTestExecutionListener, org.springframework.test.context.web.ServletTestExecutionListener, org.springframework.test.context.support.DirtiesContextBeforeModesTestExecutionListener, org.springframework.test.context.event.ApplicationEventsTestExecutionListener, org.springframework.test.context.support.DependencyInjectionTestExecutionListener, org.springframework.test.context.support.DirtiesContextTestExecutionListener, org.springframework.test.context.transaction.TransactionalTestExecutionListener, org.springframework.test.context.jdbc.SqlScriptsTestExecutionListener, org.springframework.test.context.event.EventPublishingTestExecutionListener]
20:35:51.358 [Test worker] INFO org.springframework.boot.test.context.SpringBootTestContextBootstrapper - Using TestExecutionListeners: [org.springframework.test.context.web.ServletTestExecutionListener@d3e343, org.springframework.test.context.support.DirtiesContextBeforeModesTestExecutionListener@9adbf2f, org.springframework.test.context.event.ApplicationEventsTestExecutionListener@3f341cef, org.springframework.boot.test.mock.mockito.MockitoTestExecutionListener@75bfb6c8, org.springframework.boot.test.autoconfigure.SpringBootDependencyInjectionTestExecutionListener@6ae99ac7, org.springframework.test.context.support.DirtiesContextTestExecutionListener@ed90472, org.springframework.test.context.transaction.TransactionalTestExecutionListener@1195b222, org.springframework.test.context.jdbc.SqlScriptsTestExecutionListener@19945f2e, org.springframework.test.context.event.EventPublishingTestExecutionListener@3f8dd179, org.springframework.boot.test.autoconfigure.restdocs.RestDocsTestExecutionListener@79b1a86e, org.springframework.boot.test.autoconfigure.web.client.MockRestServiceServerResetTestExecutionListener@458901d8, org.springframework.boot.test.autoconfigure.web.servlet.MockMvcPrintOnlyOnFailureTestExecutionListener@7edf4b68, org.springframework.boot.test.autoconfigure.web.servlet.WebDriverTestExecutionListener@2f085bd3, org.springframework.boot.test.autoconfigure.webservices.client.MockWebServiceServerTestExecutionListener@5b0e6484, org.springframework.boot.test.mock.mockito.ResetMocksTestExecutionListener@568429fc]
20:35:51.362 [Test worker] DEBUG org.springframework.test.context.support.AbstractDirtiesContextTestExecutionListener - Before test class: context [DefaultTestContext@58b34c58 testClass = UberMassageApplicationTests, testInstance = [null], testMethod = [null], testException = [null], mergedContextConfiguration = [WebMergedContextConfiguration@5013177f testClass = UberMassageApplicationTests, locations = '{}', classes = '{class com.UberMassage.UberMassage.UberMassageApplication}', contextInitializerClasses = '[]', activeProfiles = '{}', propertySourceLocations = '{}', propertySourceProperties = '{org.springframework.boot.test.context.SpringBootTestContextBootstrapper=true}', contextCustomizers = set[org.springframework.boot.test.autoconfigure.actuate.metrics.MetricsExportContextCustomizerFactory$DisableMetricExportContextCustomizer@456ce5c2, org.springframework.boot.test.autoconfigure.properties.PropertyMappingContextCustomizer@0, org.springframework.boot.test.autoconfigure.web.servlet.WebDriverContextCustomizerFactory$Customizer@4cae7cb5, org.springframework.boot.test.context.filter.ExcludeFilterContextCustomizer@69baabcb, org.springframework.boot.test.json.DuplicateJsonObjectContextCustomizerFactory$DuplicateJsonObjectContextCustomizer@56129123, org.springframework.boot.test.mock.mockito.MockitoContextCustomizer@0, org.springframework.boot.test.web.client.TestRestTemplateContextCustomizer@2b937e0e, org.springframework.boot.test.context.SpringBootTestArgs@1, org.springframework.boot.test.context.SpringBootTestWebEnvironment@1739d945], resourceBasePath = 'src/main/webapp', contextLoader = 'org.springframework.boot.test.context.SpringBootContextLoader', parent = [null]], attributes = map['org.springframework.test.context.web.ServletTestExecutionListener.activateListener' -> true]], class annotated with @DirtiesContext [false] with mode [null].
20:35:51.392 [Test worker] DEBUG org.springframework.test.context.support.TestPropertySourceUtils - Adding inlined properties to environment: {spring.jmx.enabled=false, org.springframework.boot.test.context.SpringBootTestContextBootstrapper=true}

  .   ____          _            __ _ _
 /\\ / ___'_ __ _ _(_)_ __  __ _ \ \ \ \
( ( )\___ | '_ | '_| | '_ \/ _` | \ \ \ \
 \\/  ___)| |_)| | | | | || (_| |  ) ) ) )
  '  |____| .__|_| |_|_| |_\__, | / / / /
 =========|_|==============|___/=/_/_/_/
 :: Spring Boot ::                (v2.5.3)

2021-08-05 20:35:51.696  INFO 20580 --- [    Test worker] c.U.U.UberMassageApplicationTests        : Starting UberMassageApplicationTests using Java 16 on DESKTOP-0NUQH9C with PID 20580 (started by Lanca in C:\Users\Lanca\Documents\School\LaunchCode\LiftOff\UberMassage)
2021-08-05 20:35:51.700  INFO 20580 --- [    Test worker] c.U.U.UberMassageApplicationTests        : No active profile set, falling back to default profiles: default
2021-08-05 20:35:52.523  INFO 20580 --- [    Test worker] .s.d.r.c.RepositoryConfigurationDelegate : Bootstrapping Spring Data JPA repositories in DEFAULT mode.
2021-08-05 20:35:52.539  INFO 20580 --- [    Test worker] .s.d.r.c.RepositoryConfigurationDelegate : Finished Spring Data repository scanning in 7 ms. Found 0 JPA repository interfaces.
2021-08-05 20:35:53.221  INFO 20580 --- [    Test worker] o.hibernate.jpa.internal.util.LogHelper  : HHH000204: Processing PersistenceUnitInfo [name: default]
2021-08-05 20:35:53.307  INFO 20580 --- [    Test worker] org.hibernate.Version                    : HHH000412: Hibernate ORM core version 5.4.32.Final
2021-08-05 20:35:53.525  INFO 20580 --- [    Test worker] o.hibernate.annotations.common.Version   : HCANN000001: Hibernate Commons Annotations {5.1.2.Final}
2021-08-05 20:35:53.694  INFO 20580 --- [    Test worker] com.zaxxer.hikari.HikariDataSource       : HikariPool-1 - Starting...
2021-08-05 20:35:54.195  INFO 20580 --- [    Test worker] com.zaxxer.hikari.HikariDataSource       : HikariPool-1 - Start completed.
2021-08-05 20:35:54.219  INFO 20580 --- [    Test worker] org.hibernate.dialect.Dialect            : HHH000400: Using dialect: org.hibernate.dialect.MySQL8Dialect
2021-08-05 20:35:54.538  INFO 20580 --- [    Test worker] o.h.e.t.j.p.i.JtaPlatformInitiator       : HHH000490: Using JtaPlatform implementation: [org.hibernate.engine.transaction.jta.platform.internal.NoJtaPlatform]
2021-08-05 20:35:54.548  INFO 20580 --- [    Test worker] j.LocalContainerEntityManagerFactoryBean : Initialized JPA EntityManagerFactory for persistence unit 'default'
2021-08-05 20:35:54.801  WARN 20580 --- [    Test worker] JpaBaseConfiguration$JpaWebConfiguration : spring.jpa.open-in-view is enabled by default. Therefore, database queries may be performed during view rendering. Explicitly configure spring.jpa.open-in-view to disable this warning
2021-08-05 20:35:55.536  INFO 20580 --- [    Test worker] c.U.U.UberMassageApplicationTests        : Started UberMassageApplicationTests in 4.136 seconds (JVM running for 5.243)
]]></system-out>
  <system-err><![CDATA[]]></system-err>
</testsuite>
